npm warn cleanup Failed to remove some directories [
npm warn cleanup   [
npm warn cleanup     'D:\\karim_elsayed\\مشاريعي\\Nextjs_Projects\\lms\\node_modules\\@sentry\\cli-win32-x64',
npm warn cleanup     [Error: ENOTEMPTY: directory not empty, rmdir 'D:\karim_elsayed\مشاريعي\Nextjs_Projects\lms\node_modules\@sentry\cli-win32-x64\bin'] {
npm warn cleanup       errno: -4051,
npm warn cleanup       code: 'ENOTEMPTY',
npm warn cleanup       syscall: 'rmdir',
npm warn cleanup       path: 'D:\\karim_elsayed\\مشاريعي\\Nextjs_Projects\\lms\\node_modules\\@sentry\\cli-win32-x64\\bin'
npm warn cleanup     }
npm warn cleanup   ],
npm warn cleanup   [
npm warn cleanup     'D:\\karim_elsayed\\مشاريعي\\Nextjs_Projects\\lms\\node_modules\\@sentry\\cli-win32-x64',
npm warn cleanup     [Error: EPERM: operation not permitted, unlink 'D:\karim_elsayed\مشاريعي\Nextjs_Projects\lms\node_modules\@sentry\cli-win32-x64\bin\sentry-cli.exe'] {
npm warn cleanup       errno: -4048,
npm warn cleanup       code: 'EPERM',
npm warn cleanup       syscall: 'unlink',
npm warn cleanup       path: 'D:\\karim_elsayed\\مشاريعي\\Nextjs_Projects\\lms\\node_modules\\@sentry\\cli-win32-x64\\bin\\sentry-cli.exe'
npm warn cleanup     }
npm warn cleanup   ],
npm warn cleanup   [
npm warn cleanup     'D:\\karim_elsayed\\مشاريعي\\Nextjs_Projects\\lms\\node_modules\\@opentelemetry\\instrumentation-amqplib',
npm warn cleanup     [Error: EPERM: operation not permitted, unlink 'D:\karim_elsayed\مشاريعي\Nextjs_Projects\lms\node_modules\@opentelemetry\instrumentation-amqplib\build\src\amqplib.js'] {
npm warn cleanup       errno: -4048,
npm warn cleanup       code: 'EPERM',
npm warn cleanup       syscall: 'unlink',
npm warn cleanup       path: 'D:\\karim_elsayed\\مشاريعي\\Nextjs_Projects\\lms\\node_modules\\@opentelemetry\\instrumentation-amqplib\\build\\src\\amqplib.js'
npm warn cleanup     }
npm warn cleanup   ],
npm warn cleanup   [
npm warn cleanup     'D:\\karim_elsayed\\مشاريعي\\Nextjs_Projects\\lms\\node_modules\\@prisma\\instrumentation',
npm warn cleanup     [Error: EPERM: operation not permitted, rmdir 'D:\karim_elsayed\مشاريعي\Nextjs_Projects\lms\node_modules\@prisma\instrumentation\node_modules\@opentelemetry\instrumentation\build\src\platform\browser'] {
npm warn cleanup       errno: -4048,
npm warn cleanup       code: 'EPERM',
npm warn cleanup       syscall: 'rmdir',
npm warn cleanup       path: 'D:\\karim_elsayed\\مشاريعي\\Nextjs_Projects\\lms\\node_modules\\@prisma\\instrumentation\\node_modules\\@opentelemetry\\instrumentation\\build\\src\\platform\\browser'
npm warn cleanup     }
npm warn cleanup   ]
npm warn cleanup ]
npm error code ECONNRESET
npm error syscall read
npm error errno -4077
npm error network read ECONNRESET
npm error network This is a problem related to network connectivity.
npm error network In most cases you are behind a proxy or have bad network settings.
npm error network
npm error network If you are behind a proxy, please make sure that the
npm error network 'proxy' config is set properly.  See: 'npm help config'
npm error A complete log of this run can be found in: C:\Users\Aman\AppData\Local\npm-cache\_logs\2025-08-16T19_51_27_150Z-debug-0.log
